2026-05-02 09:32:00,510 [INFO] Log: D:\Simplu_GoogleTranslate_Docs\logs\google_translate_chrome_20260502_093200.log
2026-05-02 09:32:00,510 [INFO] ARCHIVE_PATH=g:\ARHIVA\C
2026-05-02 09:32:00,510 [INFO] MAX_UPLOAD_BYTES=5000000
2026-05-02 09:32:00,510 [INFO] TRANSLATE_WAIT_SEC=60
2026-05-02 09:32:00,510 [INFO] BETWEEN_PARTS_SEC=60
2026-05-02 09:32:00,513 [INFO] Documente gasite: 2
2026-05-02 09:32:01,602 [INFO] [1/2] Pregatesc: g:\ARHIVA\C\dolor-agudo-fisiopatologia-diagnostico-tratamiento-9789978776292.docx (9.88 MB)
2026-05-02 09:32:01,739 [INFO] Split necesar: D:\Simplu_GoogleTranslate_Docs\work\converted_doc\991f9dce2113\dolor-agudo-fisiopatologia-diagnostico-tratamiento-9789978776292.docx (9.88 MB)
2026-05-02 09:32:18,341 [INFO] Inca exista parti peste limita la 3 parti: dolor-agudo-fisiopatologia-diagnostico-tratamiento-9789978776292_partea3.docx=4.92MB
2026-05-02 09:32:24,352 [INFO] Parte: dolor-agudo-fisiopatologia-diagnostico-tratamiento-9789978776292_partea1.docx (1.87 MB)
2026-05-02 09:32:24,352 [INFO] Parte: dolor-agudo-fisiopatologia-diagnostico-tratamiento-9789978776292_partea2.docx (0.97 MB)
2026-05-02 09:32:24,352 [INFO] Parte: dolor-agudo-fisiopatologia-diagnostico-tratamiento-9789978776292_partea3.docx (3.16 MB)
2026-05-02 09:32:24,352 [INFO] Parte: dolor-agudo-fisiopatologia-diagnostico-tratamiento-9789978776292_partea4.docx (3.95 MB)
2026-05-02 09:32:24,433 [INFO] Parti upload: 4
2026-05-02 09:32:24,434 [INFO]   parte: D:\Simplu_GoogleTranslate_Docs\work\parts\991f9dce2113\dolor-agudo-fisiopatologia-diagnostico-tratamiento-9789978776292_partea1.docx (1.87 MB)
2026-05-02 09:32:24,434 [INFO]   parte: D:\Simplu_GoogleTranslate_Docs\work\parts\991f9dce2113\dolor-agudo-fisiopatologia-diagnostico-tratamiento-9789978776292_partea2.docx (0.97 MB)
2026-05-02 09:32:24,434 [INFO]   parte: D:\Simplu_GoogleTranslate_Docs\work\parts\991f9dce2113\dolor-agudo-fisiopatologia-diagnostico-tratamiento-9789978776292_partea3.docx (3.16 MB)
2026-05-02 09:32:24,434 [INFO]   parte: D:\Simplu_GoogleTranslate_Docs\work\parts\991f9dce2113\dolor-agudo-fisiopatologia-diagnostico-tratamiento-9789978776292_partea4.docx (3.95 MB)
2026-05-02 09:32:24,435 [INFO] [2/2] Pregatesc: g:\ARHIVA\C\nutricion-diagnostico-y-tratamiento-1-2016nbsped-9788416353637_compress.docx (4.94 MB)
2026-05-02 09:32:24,578 [INFO] Split necesar: D:\Simplu_GoogleTranslate_Docs\work\converted_doc\f9ee65a620f6\nutricion-diagnostico-y-tratamiento-1-2016nbsped-9788416353637_compress.docx (4.94 MB)
2026-05-02 09:35:22,091 [INFO] Parte: nutricion-diagnostico-y-tratamiento-1-2016nbsped-9788416353637_compress_partea1.docx (3.62 MB)
2026-05-02 09:35:22,091 [INFO] Parte: nutricion-diagnostico-y-tratamiento-1-2016nbsped-9788416353637_compress_partea2.docx (4.12 MB)
2026-05-02 09:35:22,282 [INFO] Parti upload: 2
2026-05-02 09:35:22,283 [INFO]   parte: D:\Simplu_GoogleTranslate_Docs\work\parts\f9ee65a620f6\nutricion-diagnostico-y-tratamiento-1-2016nbsped-9788416353637_compress_partea1.docx (3.62 MB)
2026-05-02 09:35:22,283 [INFO]   parte: D:\Simplu_GoogleTranslate_Docs\work\parts\f9ee65a620f6\nutricion-diagnostico-y-tratamiento-1-2016nbsped-9788416353637_compress_partea2.docx (4.12 MB)
2026-05-02 09:35:22,285 [INFO] Gata. Documente finalizate in aceasta rulare: 0
