2026-05-02 15:34:28,947 [INFO] Log: D:\Simplu_GoogleTranslate_Docs\logs\google_translate_chrome_20260502_153428.log
2026-05-02 15:34:28,950 [INFO] ARCHIVE_PATH=g:\ARHIVA\C
2026-05-02 15:34:28,950 [INFO] MAX_UPLOAD_BYTES=5000000
2026-05-02 15:34:28,950 [INFO] TRANSLATE_WAIT_SEC=60
2026-05-02 15:34:28,950 [INFO] BETWEEN_PARTS_SEC=60
2026-05-02 15:34:28,962 [INFO] Documente gasite: 8
2026-05-02 15:34:30,744 [INFO] [1/8] Pregatesc: g:\ARHIVA\C\arritmias-en-pediatria_compress.docx (3.23 MB)
2026-05-02 15:34:30,745 [INFO] Fara split: arritmias-en-pediatria_compress.docx (3.23 MB)
2026-05-02 15:34:30,745 [INFO] Parti upload: 1
2026-05-02 15:34:33,842 [INFO] Pornesc Chrome debug pe profilul: C:\Users\necul\AppData\Local\Google\Chrome\User Data\Default
2026-05-02 15:34:36,947 [INFO] PowerShell Start-ChromeDebug stdout:
[CLEANUP] Opresc Chrome si ChromeDriver...
[START] Chrome debug port 9222
[START] Profil: C:\Users\necul\AppData\Local\Google\Chrome\User Data\Default
[OK] Chrome debug raspunde pe http://127.0.0.1:9222/json/version
2026-05-02 15:34:39,686 [INFO] Upload parte 1/1: arritmias-en-pediatria_compress.docx
2026-05-02 15:34:39,686 [INFO] Traduc: g:\ARHIVA\C\arritmias-en-pediatria_compress.docx
2026-05-02 15:34:40,435 [INFO] Click buton: acceptă tot
2026-05-02 15:34:44,320 [INFO] Click buton: traduceți
2026-05-02 15:34:44,321 [INFO] Traducere pornita; astept 60 secunde inainte de download.
2026-05-02 15:35:44,390 [INFO] Click buton: descărcați traducerea
2026-05-02 15:35:46,392 [INFO] Descarcat: D:\Simplu_GoogleTranslate_Docs\downloads\20260502_153428\downloads.htm
2026-05-02 15:41:37,033 [INFO] PDF final: D:\Simplu_GoogleTranslate_Docs\final_pdf\arritmias-en-pediatria_compress_FINALIZAT.pdf
2026-05-02 15:41:37,038 [INFO] [2/8] Pregatesc: g:\ARHIVA\C\cismaru diana maria ed leovaridis cristina dumitriu diana luiza eds 2016 trends .docx (0.35 MB)
2026-05-02 15:41:37,039 [INFO] Fara split: cismaru diana maria ed leovaridis cristina dumitriu diana luiza eds 2016 trends .docx (0.35 MB)
2026-05-02 15:41:37,039 [INFO] Parti upload: 1
2026-05-02 15:41:37,040 [INFO] Upload parte 1/1: cismaru diana maria ed leovaridis cristina dumitriu diana luiza eds 2016 trends .docx
2026-05-02 15:41:37,041 [INFO] Traduc: g:\ARHIVA\C\cismaru diana maria ed leovaridis cristina dumitriu diana luiza eds 2016 trends .docx
2026-05-02 15:41:43,939 [INFO] Click buton: traduceți
2026-05-02 15:41:43,940 [INFO] Traducere pornita; astept 60 secunde inainte de download.
