2026-05-02 21:00:11,791 [INFO] Log: D:\Simplu_GoogleTranslate_Docs\logs\google_translate_chrome_20260502_210011.log
2026-05-02 21:00:11,793 [INFO] ARCHIVE_PATH=g:\ARHIVA\C
2026-05-02 21:00:11,793 [INFO] MAX_UPLOAD_BYTES=5000000
2026-05-02 21:00:11,793 [INFO] MAX_PAGES_PER_PART=400
2026-05-02 21:00:11,793 [INFO] TRANSLATE_WAIT_SEC=60
2026-05-02 21:00:11,794 [INFO] BETWEEN_PARTS_SEC=60
2026-05-02 21:00:11,806 [INFO] Documente gasite: 6
2026-05-02 21:00:12,710 [INFO] [1/6] Pregatesc: g:\ARHIVA\C\diagnostico-clinico-y-tratamiento_compress.docx (13.56 MB)
2026-05-02 21:01:27,732 [INFO] Split necesar: D:\Simplu_GoogleTranslate_Docs\work\converted_doc\ef596025956e\diagnostico-clinico-y-tratamiento_compress.docx (13.56 MB, 1767 pagini; limita 4.76837158203125 MB si 400 pagini/parte)
2026-05-02 21:06:30,690 [INFO] Inca exista parti peste limita de MB la 5 parti: diagnostico-clinico-y-tratamiento_compress_partea2.docx=5.67MB
2026-05-02 21:11:08,999 [INFO] Parte: diagnostico-clinico-y-tratamiento_compress_partea1.docx (3.28 MB, pagini 1-294, total 294)
2026-05-02 21:11:08,999 [INFO] Parte: diagnostico-clinico-y-tratamiento_compress_partea2.docx (1.79 MB, pagini 295-589, total 295)
2026-05-02 21:11:08,999 [INFO] Parte: diagnostico-clinico-y-tratamiento_compress_partea3.docx (2.51 MB, pagini 590-883, total 294)
2026-05-02 21:11:09,000 [INFO] Parte: diagnostico-clinico-y-tratamiento_compress_partea4.docx (2.92 MB, pagini 884-1178, total 295)
2026-05-02 21:11:09,000 [INFO] Parte: diagnostico-clinico-y-tratamiento_compress_partea5.docx (2.74 MB, pagini 1179-1472, total 294)
2026-05-02 21:11:09,000 [INFO] Parte: diagnostico-clinico-y-tratamiento_compress_partea6.docx (3.05 MB, pagini 1473-1767, total 295)
2026-05-02 21:11:09,323 [INFO] Parti upload: 6
2026-05-02 21:11:09,325 [INFO] Schema de split s-a schimbat pentru diagnostico-clinico-y-tratamiento_compress.docx; ignor traducerile vechi si refac partile.
2026-05-02 21:11:12,394 [INFO] Pornesc Chrome debug pe profilul: C:\Users\necul\AppData\Local\Google\Chrome\User Data\Default
2026-05-02 21:11:15,445 [INFO] PowerShell Start-ChromeDebug stdout:
[CLEANUP] Opresc Chrome si ChromeDriver...
[START] Chrome debug port 9222
[START] Profil: C:\Users\necul\AppData\Local\Google\Chrome\User Data\Default
[OK] Chrome debug raspunde pe http://127.0.0.1:9222/json/version
2026-05-02 21:11:16,394 [INFO] Upload parte 1/6: diagnostico-clinico-y-tratamiento_compress_partea1.docx
2026-05-02 21:11:16,394 [INFO] Traduc: D:\Simplu_GoogleTranslate_Docs\work\parts\ef596025956e\diagnostico-clinico-y-tratamiento_compress_partea1.docx (incercarea 1)
2026-05-02 21:11:26,613 [INFO] Click buton: Traduceți
2026-05-02 21:11:26,615 [INFO] Traducere pornita; astept 60 secunde inainte de download.
2026-05-02 21:12:26,974 [INFO] Click buton: Descărcați traducerea
2026-05-02 21:12:28,977 [INFO] Descarcat: D:\Simplu_GoogleTranslate_Docs\downloads\20260502_210011\diagnostico-clinico-y-tratamiento_compress_partea1.docx
2026-05-02 21:12:28,978 [INFO] Pauza intre parti: 60 secunde
2026-05-02 21:13:28,980 [INFO] Upload parte 2/6: diagnostico-clinico-y-tratamiento_compress_partea2.docx
2026-05-02 21:13:28,980 [INFO] Traduc: D:\Simplu_GoogleTranslate_Docs\work\parts\ef596025956e\diagnostico-clinico-y-tratamiento_compress_partea2.docx (incercarea 1)
2026-05-02 21:13:38,654 [INFO] Click buton: Traduceți
2026-05-02 21:13:38,655 [INFO] Traducere pornita; astept 60 secunde inainte de download.
2026-05-02 21:14:38,988 [INFO] Click buton: Descărcați traducerea
2026-05-02 21:14:40,989 [INFO] Descarcat: D:\Simplu_GoogleTranslate_Docs\downloads\20260502_210011\diagnostico-clinico-y-tratamiento_compress_partea2.docx
2026-05-02 21:14:40,991 [INFO] Pauza intre parti: 60 secunde
2026-05-02 21:15:40,993 [INFO] Upload parte 3/6: diagnostico-clinico-y-tratamiento_compress_partea3.docx
2026-05-02 21:15:40,993 [INFO] Traduc: D:\Simplu_GoogleTranslate_Docs\work\parts\ef596025956e\diagnostico-clinico-y-tratamiento_compress_partea3.docx (incercarea 1)
2026-05-02 21:15:50,807 [INFO] Click buton: Traduceți
2026-05-02 21:15:50,807 [INFO] Traducere pornita; astept 60 secunde inainte de download.
2026-05-02 21:16:51,214 [INFO] Click buton: Descărcați traducerea
2026-05-02 21:16:53,216 [INFO] Descarcat: D:\Simplu_GoogleTranslate_Docs\downloads\20260502_210011\diagnostico-clinico-y-tratamiento_compress_partea3.docx
2026-05-02 21:16:53,217 [INFO] Pauza intre parti: 60 secunde
2026-05-02 21:17:53,219 [INFO] Upload parte 4/6: diagnostico-clinico-y-tratamiento_compress_partea4.docx
2026-05-02 21:17:53,219 [INFO] Traduc: D:\Simplu_GoogleTranslate_Docs\work\parts\ef596025956e\diagnostico-clinico-y-tratamiento_compress_partea4.docx (incercarea 1)
2026-05-02 21:18:02,896 [INFO] Click buton: Traduceți
2026-05-02 21:18:02,897 [INFO] Traducere pornita; astept 60 secunde inainte de download.
2026-05-02 21:19:03,231 [INFO] Click buton: Descărcați traducerea
2026-05-02 21:19:05,233 [INFO] Descarcat: D:\Simplu_GoogleTranslate_Docs\downloads\20260502_210011\diagnostico-clinico-y-tratamiento_compress_partea4.docx
2026-05-02 21:19:05,234 [INFO] Pauza intre parti: 60 secunde
2026-05-02 21:20:05,236 [INFO] Upload parte 5/6: diagnostico-clinico-y-tratamiento_compress_partea5.docx
2026-05-02 21:20:05,236 [INFO] Traduc: D:\Simplu_GoogleTranslate_Docs\work\parts\ef596025956e\diagnostico-clinico-y-tratamiento_compress_partea5.docx (incercarea 1)
2026-05-02 21:20:15,595 [INFO] Click buton: Traduceți
2026-05-02 21:20:15,596 [INFO] Traducere pornita; astept 60 secunde inainte de download.
2026-05-02 21:21:15,931 [INFO] Click buton: Descărcați traducerea
2026-05-02 21:21:17,933 [INFO] Descarcat: D:\Simplu_GoogleTranslate_Docs\downloads\20260502_210011\diagnostico-clinico-y-tratamiento_compress_partea5.docx
2026-05-02 21:21:17,934 [INFO] Pauza intre parti: 60 secunde
2026-05-02 21:22:17,937 [INFO] Upload parte 6/6: diagnostico-clinico-y-tratamiento_compress_partea6.docx
2026-05-02 21:22:17,937 [INFO] Traduc: D:\Simplu_GoogleTranslate_Docs\work\parts\ef596025956e\diagnostico-clinico-y-tratamiento_compress_partea6.docx (incercarea 1)
2026-05-02 21:22:28,117 [INFO] Click buton: Traduceți
2026-05-02 21:22:28,117 [INFO] Traducere pornita; astept 60 secunde inainte de download.
2026-05-02 21:23:28,465 [INFO] Click buton: Descărcați traducerea
2026-05-02 21:23:30,466 [INFO] Descarcat: D:\Simplu_GoogleTranslate_Docs\downloads\20260502_210011\diagnostico-clinico-y-tratamiento_compress_partea6.docx
2026-05-02 21:32:21,411 [INFO] PDF final: D:\Simplu_GoogleTranslate_Docs\final_pdf\diagnostico-clinico-y-tratamiento_compress_FINALIZAT.pdf
2026-05-02 21:32:21,420 [INFO] [2/6] Pregatesc: g:\ARHIVA\C\diagnostico-y-tratamiento-de-las-alteraciones-del-movimiento_compress.docx (7.96 MB)
2026-05-02 21:32:40,137 [INFO] Split necesar: D:\Simplu_GoogleTranslate_Docs\work\converted_doc\f666c5952ea7\diagnostico-y-tratamiento-de-las-alteraciones-del-movimiento_compress.docx (7.96 MB, 583 pagini; limita 4.76837158203125 MB si 400 pagini/parte)
2026-05-02 21:33:17,380 [INFO] Inca exista parti peste limita de MB la 2 parti: diagnostico-y-tratamiento-de-las-alteraciones-del-movimiento_compress_partea2.docx=10.24MB
2026-05-02 21:33:46,570 [INFO] Parte: diagnostico-y-tratamiento-de-las-alteraciones-del-movimiento_compress_partea1.docx (4.62 MB, pagini 1-194, total 194)
2026-05-02 21:33:46,572 [INFO] Parte: diagnostico-y-tratamiento-de-las-alteraciones-del-movimiento_compress_partea2.docx (2.62 MB, pagini 195-388, total 194)
2026-05-02 21:33:46,572 [INFO] Parte: diagnostico-y-tratamiento-de-las-alteraciones-del-movimiento_compress_partea3.docx (3.04 MB, pagini 389-583, total 195)
2026-05-02 21:33:46,856 [INFO] Parti upload: 3
2026-05-02 21:33:46,860 [INFO] Upload parte 1/3: diagnostico-y-tratamiento-de-las-alteraciones-del-movimiento_compress_partea1.docx
2026-05-02 21:33:46,861 [INFO] Traduc: D:\Simplu_GoogleTranslate_Docs\work\parts\f666c5952ea7\diagnostico-y-tratamiento-de-las-alteraciones-del-movimiento_compress_partea1.docx (incercarea 1)
2026-05-02 21:33:56,639 [INFO] Click buton: Traduceți
2026-05-02 21:33:56,639 [INFO] Traducere pornita; astept 60 secunde inainte de download.
2026-05-02 21:34:57,053 [INFO] Click buton: Descărcați traducerea
2026-05-02 21:34:59,055 [INFO] Descarcat: D:\Simplu_GoogleTranslate_Docs\downloads\20260502_210011\diagnostico-y-tratamiento-de-las-alteraciones-del-movimiento_compress_partea1.docx
2026-05-02 21:34:59,056 [INFO] Pauza intre parti: 60 secunde
2026-05-02 21:35:59,058 [INFO] Upload parte 2/3: diagnostico-y-tratamiento-de-las-alteraciones-del-movimiento_compress_partea2.docx
2026-05-02 21:35:59,058 [INFO] Traduc: D:\Simplu_GoogleTranslate_Docs\work\parts\f666c5952ea7\diagnostico-y-tratamiento-de-las-alteraciones-del-movimiento_compress_partea2.docx (incercarea 1)
2026-05-02 21:36:08,976 [INFO] Click buton: Traduceți
2026-05-02 21:36:08,976 [INFO] Traducere pornita; astept 60 secunde inainte de download.
2026-05-02 21:37:09,281 [INFO] Click buton: Descărcați traducerea
2026-05-02 21:37:11,283 [INFO] Descarcat: D:\Simplu_GoogleTranslate_Docs\downloads\20260502_210011\diagnostico-y-tratamiento-de-las-alteraciones-del-movimiento_compress_partea2.docx
2026-05-02 21:37:11,284 [INFO] Pauza intre parti: 60 secunde
2026-05-02 21:38:11,286 [INFO] Upload parte 3/3: diagnostico-y-tratamiento-de-las-alteraciones-del-movimiento_compress_partea3.docx
2026-05-02 21:38:11,286 [INFO] Traduc: D:\Simplu_GoogleTranslate_Docs\work\parts\f666c5952ea7\diagnostico-y-tratamiento-de-las-alteraciones-del-movimiento_compress_partea3.docx (incercarea 1)
2026-05-02 21:38:20,938 [INFO] Click buton: Traduceți
2026-05-02 21:38:20,938 [INFO] Traducere pornita; astept 60 secunde inainte de download.
2026-05-02 21:39:21,941 [INFO] Click buton: Descărcați traducerea
2026-05-02 21:39:23,942 [INFO] Descarcat: D:\Simplu_GoogleTranslate_Docs\downloads\20260502_210011\diagnostico-y-tratamiento-de-las-alteraciones-del-movimiento_compress_partea3.docx
