2026-05-02 09:37:08,112 [INFO] Log: D:\Simplu_GoogleTranslate_Docs\logs\google_translate_chrome_20260502_093708.log
2026-05-02 09:37:08,114 [INFO] ARCHIVE_PATH=g:\ARHIVA\C
2026-05-02 09:37:08,114 [INFO] MAX_UPLOAD_BYTES=5000000
2026-05-02 09:37:08,114 [INFO] TRANSLATE_WAIT_SEC=60
2026-05-02 09:37:08,115 [INFO] BETWEEN_PARTS_SEC=60
2026-05-02 09:37:08,116 [INFO] Documente gasite: 2
2026-05-02 09:37:12,109 [INFO] Pornesc Chrome debug pe profilul: C:\Users\necul\AppData\Local\Google\Chrome\User Data\Default
2026-05-02 09:42:01,575 [INFO] [1/2] Pregatesc: g:\ARHIVA\C\dolor-agudo-fisiopatologia-diagnostico-tratamiento-9789978776292.docx (9.88 MB)
2026-05-02 09:42:01,576 [INFO] Split necesar: D:\Simplu_GoogleTranslate_Docs\work\converted_doc\991f9dce2113\dolor-agudo-fisiopatologia-diagnostico-tratamiento-9789978776292.docx (9.88 MB)
2026-05-02 09:42:17,273 [INFO] Inca exista parti peste limita la 3 parti: dolor-agudo-fisiopatologia-diagnostico-tratamiento-9789978776292_partea3.docx=4.92MB
2026-05-02 09:42:21,721 [INFO] Parte: dolor-agudo-fisiopatologia-diagnostico-tratamiento-9789978776292_partea1.docx (1.87 MB)
2026-05-02 09:42:21,725 [INFO] Parte: dolor-agudo-fisiopatologia-diagnostico-tratamiento-9789978776292_partea2.docx (0.97 MB)
2026-05-02 09:42:21,734 [INFO] Parte: dolor-agudo-fisiopatologia-diagnostico-tratamiento-9789978776292_partea3.docx (3.16 MB)
2026-05-02 09:42:21,747 [INFO] Parte: dolor-agudo-fisiopatologia-diagnostico-tratamiento-9789978776292_partea4.docx (3.95 MB)
2026-05-02 09:42:21,836 [INFO] Parti upload: 4
2026-05-02 09:42:21,839 [INFO] Upload parte 1/4: dolor-agudo-fisiopatologia-diagnostico-tratamiento-9789978776292_partea1.docx
2026-05-02 09:42:21,839 [INFO] Traduc: D:\Simplu_GoogleTranslate_Docs\work\parts\991f9dce2113\dolor-agudo-fisiopatologia-diagnostico-tratamiento-9789978776292_partea1.docx
2026-05-02 09:42:29,376 [INFO] Click buton: traduceți
2026-05-02 09:42:29,377 [INFO] Traducere pornita; astept 60 secunde inainte de download.
2026-05-02 09:43:29,531 [INFO] Click buton: descărcați traducerea
2026-05-02 09:43:31,532 [INFO] Descarcat: D:\Simplu_GoogleTranslate_Docs\downloads\20260502_093708\dolor-agudo-fisiopatologia-diagnostico-tratamiento-9789978776292_partea1.docx
2026-05-02 09:43:31,533 [INFO] Pauza intre parti: 60 secunde
2026-05-02 09:44:31,534 [INFO] Upload parte 2/4: dolor-agudo-fisiopatologia-diagnostico-tratamiento-9789978776292_partea2.docx
2026-05-02 09:44:31,534 [INFO] Traduc: D:\Simplu_GoogleTranslate_Docs\work\parts\991f9dce2113\dolor-agudo-fisiopatologia-diagnostico-tratamiento-9789978776292_partea2.docx
2026-05-02 09:44:38,440 [INFO] Click buton: traduceți
2026-05-02 09:44:38,441 [INFO] Traducere pornita; astept 60 secunde inainte de download.
2026-05-02 09:45:38,485 [INFO] Click buton: descărcați traducerea
2026-05-02 09:45:40,493 [INFO] Descarcat: D:\Simplu_GoogleTranslate_Docs\downloads\20260502_093708\dolor-agudo-fisiopatologia-diagnostico-tratamiento-9789978776292_partea2.docx
2026-05-02 09:45:40,494 [INFO] Pauza intre parti: 60 secunde
2026-05-02 09:46:40,495 [INFO] Upload parte 3/4: dolor-agudo-fisiopatologia-diagnostico-tratamiento-9789978776292_partea3.docx
2026-05-02 09:46:40,495 [INFO] Traduc: D:\Simplu_GoogleTranslate_Docs\work\parts\991f9dce2113\dolor-agudo-fisiopatologia-diagnostico-tratamiento-9789978776292_partea3.docx
2026-05-02 09:46:47,448 [INFO] Click buton: traduceți
2026-05-02 09:46:47,448 [INFO] Traducere pornita; astept 60 secunde inainte de download.
2026-05-02 09:47:47,530 [INFO] Click buton: descărcați traducerea
2026-05-02 09:47:49,533 [INFO] Descarcat: D:\Simplu_GoogleTranslate_Docs\downloads\20260502_093708\dolor-agudo-fisiopatologia-diagnostico-tratamiento-9789978776292_partea3.docx
2026-05-02 09:47:49,534 [INFO] Pauza intre parti: 60 secunde
2026-05-02 09:48:49,534 [INFO] Upload parte 4/4: dolor-agudo-fisiopatologia-diagnostico-tratamiento-9789978776292_partea4.docx
2026-05-02 09:48:49,534 [INFO] Traduc: D:\Simplu_GoogleTranslate_Docs\work\parts\991f9dce2113\dolor-agudo-fisiopatologia-diagnostico-tratamiento-9789978776292_partea4.docx
2026-05-02 09:48:56,442 [INFO] Click buton: traduceți
2026-05-02 09:48:56,443 [INFO] Traducere pornita; astept 60 secunde inainte de download.
2026-05-02 09:49:56,509 [INFO] Click buton: descărcați traducerea
2026-05-02 09:49:58,512 [INFO] Descarcat: D:\Simplu_GoogleTranslate_Docs\downloads\20260502_093708\dolor-agudo-fisiopatologia-diagnostico-tratamiento-9789978776292_partea4.docx
